[2017-08-21 16:01:42] Текст ошибки: Нет соединения с БД | Файл: D:\WebServer\domains\ishop2.loc\vendor\ishop\core\Db.php | Строка: 14
=================
[2017-08-22 08:49:56] Текст ошибки: Страница не найдена | Файл: D:\WebServer\domains\ishop2.loc\vendor\ishop\core\Router.php | Строка: 39
=================
[2017-08-22 08:49:56] Текст ошибки: Страница не найдена | Файл: D:\WebServer\domains\ishop2.loc\vendor\ishop\core\Router.php | Строка: 39
=================
[2017-08-22 08:52:48] Текст ошибки: Страница не найдена | Файл: D:\WebServer\domains\ishop2.loc\vendor\ishop\core\Router.php | Строка: 39
=================
[2017-08-22 08:52:48] Текст ошибки: Страница не найдена | Файл: D:\WebServer\domains\ishop2.loc\vendor\ishop\core\Router.php | Строка: 39
=================
[2017-08-22 08:52:48] Текст ошибки: Страница не найдена | Файл: D:\WebServer\domains\ishop2.loc\vendor\ishop\core\Router.php | Строка: 39
=================
[2017-08-22 08:52:48] Текст ошибки: Страница не найдена | Файл: D:\WebServer\domains\ishop2.loc\vendor\ishop\core\Router.php | Строка: 39
=================
[2017-08-22 08:52:48] Текст ошибки: Страница не найдена | Файл: D:\WebServer\domains\ishop2.loc\vendor\ishop\core\Router.php | Строка: 39
=================
[2017-08-22 08:52:48] Текст ошибки: Страница не найдена | Файл: D:\WebServer\domains\ishop2.loc\vendor\ishop\core\Router.php | Строка: 39
=================
[2017-08-22 08:52:48] Текст ошибки: Страница не найдена | Файл: D:\WebServer\domains\ishop2.loc\vendor\ishop\core\Router.php | Строка: 39
=================
[2017-08-22 08:52:48] Текст ошибки: Страница не найдена | Файл: D:\WebServer\domains\ishop2.loc\vendor\ishop\core\Router.php | Строка: 39
=================
[2017-08-22 08:52:48] Текст ошибки: Страница не найдена | Файл: D:\WebServer\domains\ishop2.loc\vendor\ishop\core\Router.php | Строка: 39
=================
[2017-08-22 08:52:48] Текст ошибки: Страница не найдена | Файл: D:\WebServer\domains\ishop2.loc\vendor\ishop\core\Router.php | Строка: 39
=================
[2017-08-22 08:52:48] Текст ошибки: Страница не найдена | Файл: D:\WebServer\domains\ishop2.loc\vendor\ishop\core\Router.php | Строка: 39
=================
[2017-08-22 08:52:48] Текст ошибки: Страница не найдена | Файл: D:\WebServer\domains\ishop2.loc\vendor\ishop\core\Router.php | Строка: 39
=================
[2017-08-22 08:52:48] Текст ошибки: Страница не найдена | Файл: D:\WebServer\domains\ishop2.loc\vendor\ishop\core\Router.php | Строка: 39
=================
[2017-08-22 08:52:48] Текст ошибки: Страница не найдена | Файл: D:\WebServer\domains\ishop2.loc\vendor\ishop\core\Router.php | Строка: 39
=================
[2017-08-22 08:52:48] Текст ошибки: Страница не найдена | Файл: D:\WebServer\domains\ishop2.loc\vendor\ishop\core\Router.php | Строка: 39
=================
[2017-08-22 08:52:48] Текст ошибки: Страница не найдена | Файл: D:\WebServer\domains\ishop2.loc\vendor\ishop\core\Router.php | Строка: 39
=================
[2017-08-22 08:52:48] Текст ошибки: Страница не найдена | Файл: D:\WebServer\domains\ishop2.loc\vendor\ishop\core\Router.php | Строка: 39
=================
[2017-08-22 08:52:48] Текст ошибки: Страница не найдена | Файл: D:\WebServer\domains\ishop2.loc\vendor\ishop\core\Router.php | Строка: 39
=================
[2017-08-22 08:52:48] Текст ошибки: Страница не найдена | Файл: D:\WebServer\domains\ishop2.loc\vendor\ishop\core\Router.php | Строка: 39
=================
[2017-08-22 08:52:48] Текст ошибки: Страница не найдена | Файл: D:\WebServer\domains\ishop2.loc\vendor\ishop\core\Router.php | Строка: 39
=================
[2017-08-22 08:52:48] Текст ошибки: Страница не найдена | Файл: D:\WebServer\domains\ishop2.loc\vendor\ishop\core\Router.php | Строка: 39
=================
[2017-08-22 08:52:48] Текст ошибки: Страница не найдена | Файл: D:\WebServer\domains\ishop2.loc\vendor\ishop\core\Router.php | Строка: 39
=================
[2017-08-22 08:52:48] Текст ошибки: Страница не найдена | Файл: D:\WebServer\domains\ishop2.loc\vendor\ishop\core\Router.php | Строка: 39
=================
[2017-08-22 08:52:48] Текст ошибки: Страница не найдена | Файл: D:\WebServer\domains\ishop2.loc\vendor\ishop\core\Router.php | Строка: 39
=================
[2017-08-22 08:52:48] Текст ошибки: Страница не найдена | Файл: D:\WebServer\domains\ishop2.loc\vendor\ishop\core\Router.php | Строка: 39
=================
[2017-08-22 08:52:48] Текст ошибки: Страница не найдена | Файл: D:\WebServer\domains\ishop2.loc\vendor\ishop\core\Router.php | Строка: 39
=================
[2017-08-22 08:52:48] Текст ошибки: Страница не найдена | Файл: D:\WebServer\domains\ishop2.loc\vendor\ishop\core\Router.php | Строка: 39
=================
[2017-08-22 08:52:48] Текст ошибки: Страница не найдена | Файл: D:\WebServer\domains\ishop2.loc\vendor\ishop\core\Router.php | Строка: 39
=================
[2017-08-22 08:52:48] Текст ошибки: Страница не найдена | Файл: D:\WebServer\domains\ishop2.loc\vendor\ishop\core\Router.php | Строка: 39
=================
[2017-08-22 08:52:48] Текст ошибки: Страница не найдена | Файл: D:\WebServer\domains\ishop2.loc\vendor\ishop\core\Router.php | Строка: 39
=================
[2017-08-22 08:52:48] Текст ошибки: Страница не найдена | Файл: D:\WebServer\domains\ishop2.loc\vendor\ishop\core\Router.php | Строка: 39
=================
[2017-08-22 08:52:48] Текст ошибки: Страница не найдена | Файл: D:\WebServer\domains\ishop2.loc\vendor\ishop\core\Router.php | Строка: 39
=================
[2017-08-22 08:52:48] Текст ошибки: Страница не найдена | Файл: D:\WebServer\domains\ishop2.loc\vendor\ishop\core\Router.php | Строка: 39
=================
[2017-08-22 08:52:48] Текст ошибки: Страница не найдена | Файл: D:\WebServer\domains\ishop2.loc\vendor\ishop\core\Router.php | Строка: 39
=================
[2017-08-22 08:52:48] Текст ошибки: Страница не найдена | Файл: D:\WebServer\domains\ishop2.loc\vendor\ishop\core\Router.php | Строка: 39
=================
[2017-08-22 08:52:48] Текст ошибки: Страница не найдена | Файл: D:\WebServer\domains\ishop2.loc\vendor\ishop\core\Router.php | Строка: 39
=================
[2017-08-22 08:52:48] Текст ошибки: Страница не найдена | Файл: D:\WebServer\domains\ishop2.loc\vendor\ishop\core\Router.php | Строка: 39
=================
[2017-08-22 08:52:48] Текст ошибки: Страница не найдена | Файл: D:\WebServer\domains\ishop2.loc\vendor\ishop\core\Router.php | Строка: 39
=================
[2017-08-22 08:52:48] Текст ошибки: Страница не найдена | Файл: D:\WebServer\domains\ishop2.loc\vendor\ishop\core\Router.php | Строка: 39
=================
[2017-08-22 08:52:48] Текст ошибки: Страница не найдена | Файл: D:\WebServer\domains\ishop2.loc\vendor\ishop\core\Router.php | Строка: 39
=================
[2017-08-22 08:52:48] Текст ошибки: Страница не найдена | Файл: D:\WebServer\domains\ishop2.loc\vendor\ishop\core\Router.php | Строка: 39
=================
[2017-08-22 08:52:48] Текст ошибки: Страница не найдена | Файл: D:\WebServer\domains\ishop2.loc\vendor\ishop\core\Router.php | Строка: 39
=================
[2017-08-22 08:52:48] Текст ошибки: Страница не найдена | Файл: D:\WebServer\domains\ishop2.loc\vendor\ishop\core\Router.php | Строка: 39
=================
[2017-08-22 08:52:48] Текст ошибки: Страница не найдена | Файл: D:\WebServer\domains\ishop2.loc\vendor\ishop\core\Router.php | Строка: 39
=================
[2017-08-22 08:53:07] Текст ошибки: Страница не найдена | Файл: D:\WebServer\domains\ishop2.loc\vendor\ishop\core\Router.php | Строка: 39
=================
[2017-08-22 08:53:07] Текст ошибки: Страница не найдена | Файл: D:\WebServer\domains\ishop2.loc\vendor\ishop\core\Router.php | Строка: 39
=================
[2017-08-22 08:53:07] Текст ошибки: Страница не найдена | Файл: D:\WebServer\domains\ishop2.loc\vendor\ishop\core\Router.php | Строка: 39
=================
[2017-08-22 08:53:07] Текст ошибки: Страница не найдена | Файл: D:\WebServer\domains\ishop2.loc\vendor\ishop\core\Router.php | Строка: 39
=================
[2017-08-22 08:53:07] Текст ошибки: Страница не найдена | Файл: D:\WebServer\domains\ishop2.loc\vendor\ishop\core\Router.php | Строка: 39
=================
[2017-08-22 08:53:07] Текст ошибки: Страница не найдена | Файл: D:\WebServer\domains\ishop2.loc\vendor\ishop\core\Router.php | Строка: 39
=================
[2017-08-22 08:53:07] Текст ошибки: Страница не найдена | Файл: D:\WebServer\domains\ishop2.loc\vendor\ishop\core\Router.php | Строка: 39
=================
[2017-08-22 08:53:07] Текст ошибки: Страница не найдена | Файл: D:\WebServer\domains\ishop2.loc\vendor\ishop\core\Router.php | Строка: 39
=================
[2017-08-22 08:53:07] Текст ошибки: Страница не найдена | Файл: D:\WebServer\domains\ishop2.loc\vendor\ishop\core\Router.php | Строка: 39
=================
[2017-08-22 08:53:07] Текст ошибки: Страница не найдена | Файл: D:\WebServer\domains\ishop2.loc\vendor\ishop\core\Router.php | Строка: 39
=================
[2017-08-22 08:53:07] Текст ошибки: Страница не найдена | Файл: D:\WebServer\domains\ishop2.loc\vendor\ishop\core\Router.php | Строка: 39
=================
[2017-08-22 08:53:07] Текст ошибки: Страница не найдена | Файл: D:\WebServer\domains\ishop2.loc\vendor\ishop\core\Router.php | Строка: 39
=================
[2017-08-22 08:53:07] Текст ошибки: Страница не найдена | Файл: D:\WebServer\domains\ishop2.loc\vendor\ishop\core\Router.php | Строка: 39
=================
[2017-08-22 08:53:07] Текст ошибки: Страница не найдена | Файл: D:\WebServer\domains\ishop2.loc\vendor\ishop\core\Router.php | Строка: 39
=================
[2017-08-22 08:53:07] Текст ошибки: Страница не найдена | Файл: D:\WebServer\domains\ishop2.loc\vendor\ishop\core\Router.php | Строка: 39
=================
[2017-08-22 08:53:07] Текст ошибки: Страница не найдена | Файл: D:\WebServer\domains\ishop2.loc\vendor\ishop\core\Router.php | Строка: 39
=================
[2017-08-22 08:53:07] Текст ошибки: Страница не найдена | Файл: D:\WebServer\domains\ishop2.loc\vendor\ishop\core\Router.php | Строка: 39
=================
[2017-08-22 08:53:07] Текст ошибки: Страница не найдена | Файл: D:\WebServer\domains\ishop2.loc\vendor\ishop\core\Router.php | Строка: 39
=================
[2017-08-22 08:53:07] Текст ошибки: Страница не найдена | Файл: D:\WebServer\domains\ishop2.loc\vendor\ishop\core\Router.php | Строка: 39
=================
[2017-08-22 08:53:07] Текст ошибки: Страница не найдена | Файл: D:\WebServer\domains\ishop2.loc\vendor\ishop\core\Router.php | Строка: 39
=================
[2017-08-22 08:53:07] Текст ошибки: Страница не найдена | Файл: D:\WebServer\domains\ishop2.loc\vendor\ishop\core\Router.php | Строка: 39
=================
[2017-08-22 08:53:07] Текст ошибки: Страница не найдена | Файл: D:\WebServer\domains\ishop2.loc\vendor\ishop\core\Router.php | Строка: 39
=================
[2017-08-22 08:53:07] Текст ошибки: Страница не найдена | Файл: D:\WebServer\domains\ishop2.loc\vendor\ishop\core\Router.php | Строка: 39
=================
[2017-08-22 08:53:07] Текст ошибки: Страница не найдена | Файл: D:\WebServer\domains\ishop2.loc\vendor\ishop\core\Router.php | Строка: 39
=================
[2017-08-22 08:53:07] Текст ошибки: Страница не найдена | Файл: D:\WebServer\domains\ishop2.loc\vendor\ishop\core\Router.php | Строка: 39
=================
[2017-08-22 08:53:07] Текст ошибки: Страница не найдена | Файл: D:\WebServer\domains\ishop2.loc\vendor\ishop\core\Router.php | Строка: 39
=================
[2017-08-22 08:53:07] Текст ошибки: Страница не найдена | Файл: D:\WebServer\domains\ishop2.loc\vendor\ishop\core\Router.php | Строка: 39
=================
[2017-08-22 08:53:07] Текст ошибки: Страница не найдена | Файл: D:\WebServer\domains\ishop2.loc\vendor\ishop\core\Router.php | Строка: 39
=================
[2017-08-22 08:53:07] Текст ошибки: Страница не найдена | Файл: D:\WebServer\domains\ishop2.loc\vendor\ishop\core\Router.php | Строка: 39
=================
[2017-08-22 08:53:07] Текст ошибки: Страница не найдена | Файл: D:\WebServer\domains\ishop2.loc\vendor\ishop\core\Router.php | Строка: 39
=================
[2017-08-22 08:53:07] Текст ошибки: Страница не найдена | Файл: D:\WebServer\domains\ishop2.loc\vendor\ishop\core\Router.php | Строка: 39
=================
[2017-08-22 08:53:07] Текст ошибки: Страница не найдена | Файл: D:\WebServer\domains\ishop2.loc\vendor\ishop\core\Router.php | Строка: 39
=================
[2017-08-22 08:53:07] Текст ошибки: Страница не найдена | Файл: D:\WebServer\domains\ishop2.loc\vendor\ishop\core\Router.php | Строка: 39
=================
[2017-08-22 08:53:07] Текст ошибки: Страница не найдена | Файл: D:\WebServer\domains\ishop2.loc\vendor\ishop\core\Router.php | Строка: 39
=================
[2017-08-22 08:53:07] Текст ошибки: Страница не найдена | Файл: D:\WebServer\domains\ishop2.loc\vendor\ishop\core\Router.php | Строка: 39
=================
[2017-08-22 08:53:07] Текст ошибки: Страница не найдена | Файл: D:\WebServer\domains\ishop2.loc\vendor\ishop\core\Router.php | Строка: 39
=================
[2017-08-22 08:53:07] Текст ошибки: Страница не найдена | Файл: D:\WebServer\domains\ishop2.loc\vendor\ishop\core\Router.php | Строка: 39
=================
[2017-08-22 08:53:07] Текст ошибки: Страница не найдена | Файл: D:\WebServer\domains\ishop2.loc\vendor\ishop\core\Router.php | Строка: 39
=================
[2017-08-22 08:53:07] Текст ошибки: Страница не найдена | Файл: D:\WebServer\domains\ishop2.loc\vendor\ishop\core\Router.php | Строка: 39
=================
[2017-08-22 08:53:07] Текст ошибки: Страница не найдена | Файл: D:\WebServer\domains\ishop2.loc\vendor\ishop\core\Router.php | Строка: 39
=================
[2017-08-22 08:53:07] Текст ошибки: Страница не найдена | Файл: D:\WebServer\domains\ishop2.loc\vendor\ishop\core\Router.php | Строка: 39
=================
[2017-08-22 08:53:07] Текст ошибки: Страница не найдена | Файл: D:\WebServer\domains\ishop2.loc\vendor\ishop\core\Router.php | Строка: 39
=================
[2017-08-22 08:53:07] Текст ошибки: Страница не найдена | Файл: D:\WebServer\domains\ishop2.loc\vendor\ishop\core\Router.php | Строка: 39
=================
[2017-08-22 08:53:07] Текст ошибки: Страница не найдена | Файл: D:\WebServer\domains\ishop2.loc\vendor\ishop\core\Router.php | Строка: 39
=================
[2017-08-22 08:53:26] Текст ошибки: Страница не найдена | Файл: D:\WebServer\domains\ishop2.loc\vendor\ishop\core\Router.php | Строка: 39
=================
[2017-08-22 08:53:26] Текст ошибки: Страница не найдена | Файл: D:\WebServer\domains\ishop2.loc\vendor\ishop\core\Router.php | Строка: 39
=================
[2017-08-22 08:53:26] Текст ошибки: Страница не найдена | Файл: D:\WebServer\domains\ishop2.loc\vendor\ishop\core\Router.php | Строка: 39
=================
[2017-08-22 08:53:26] Текст ошибки: Страница не найдена | Файл: D:\WebServer\domains\ishop2.loc\vendor\ishop\core\Router.php | Строка: 39
=================
[2017-08-22 08:53:26] Текст ошибки: Страница не найдена | Файл: D:\WebServer\domains\ishop2.loc\vendor\ishop\core\Router.php | Строка: 39
=================
[2017-08-22 08:53:26] Текст ошибки: Страница не найдена | Файл: D:\WebServer\domains\ishop2.loc\vendor\ishop\core\Router.php | Строка: 39
=================
[2017-08-22 08:53:26] Текст ошибки: Страница не найдена | Файл: D:\WebServer\domains\ishop2.loc\vendor\ishop\core\Router.php | Строка: 39
=================
[2017-08-22 08:53:26] Текст ошибки: Страница не найдена | Файл: D:\WebServer\domains\ishop2.loc\vendor\ishop\core\Router.php | Строка: 39
=================
[2017-08-22 08:53:26] Текст ошибки: Страница не найдена | Файл: D:\WebServer\domains\ishop2.loc\vendor\ishop\core\Router.php | Строка: 39
=================
[2017-08-22 08:53:26] Текст ошибки: Страница не найдена | Файл: D:\WebServer\domains\ishop2.loc\vendor\ishop\core\Router.php | Строка: 39
=================
[2017-08-22 08:53:26] Текст ошибки: Страница не найдена | Файл: D:\WebServer\domains\ishop2.loc\vendor\ishop\core\Router.php | Строка: 39
=================
[2017-08-22 08:53:26] Текст ошибки: Страница не найдена | Файл: D:\WebServer\domains\ishop2.loc\vendor\ishop\core\Router.php | Строка: 39
=================
[2017-08-22 08:53:26] Текст ошибки: Страница не найдена | Файл: D:\WebServer\domains\ishop2.loc\vendor\ishop\core\Router.php | Строка: 39
=================
[2017-08-22 08:53:26] Текст ошибки: Страница не найдена | Файл: D:\WebServer\domains\ishop2.loc\vendor\ishop\core\Router.php | Строка: 39
=================
[2017-08-22 08:53:26] Текст ошибки: Страница не найдена | Файл: D:\WebServer\domains\ishop2.loc\vendor\ishop\core\Router.php | Строка: 39
=================
[2017-08-22 08:53:26] Текст ошибки: Страница не найдена | Файл: D:\WebServer\domains\ishop2.loc\vendor\ishop\core\Router.php | Строка: 39
=================
[2017-08-22 08:53:26] Текст ошибки: Страница не найдена | Файл: D:\WebServer\domains\ishop2.loc\vendor\ishop\core\Router.php | Строка: 39
=================
[2017-08-22 08:53:26] Текст ошибки: Страница не найдена | Файл: D:\WebServer\domains\ishop2.loc\vendor\ishop\core\Router.php | Строка: 39
=================
[2017-08-22 08:53:26] Текст ошибки: Страница не найдена | Файл: D:\WebServer\domains\ishop2.loc\vendor\ishop\core\Router.php | Строка: 39
=================
[2017-08-22 08:53:26] Текст ошибки: Страница не найдена | Файл: D:\WebServer\domains\ishop2.loc\vendor\ishop\core\Router.php | Строка: 39
=================
[2017-08-22 08:53:26] Текст ошибки: Страница не найдена | Файл: D:\WebServer\domains\ishop2.loc\vendor\ishop\core\Router.php | Строка: 39
=================
[2017-08-22 08:53:26] Текст ошибки: Страница не найдена | Файл: D:\WebServer\domains\ishop2.loc\vendor\ishop\core\Router.php | Строка: 39
=================
[2017-08-22 08:53:26] Текст ошибки: Страница не найдена | Файл: D:\WebServer\domains\ishop2.loc\vendor\ishop\core\Router.php | Строка: 39
=================
[2017-08-22 08:53:26] Текст ошибки: Страница не найдена | Файл: D:\WebServer\domains\ishop2.loc\vendor\ishop\core\Router.php | Строка: 39
=================
[2017-08-22 08:53:26] Текст ошибки: Страница не найдена | Файл: D:\WebServer\domains\ishop2.loc\vendor\ishop\core\Router.php | Строка: 39
=================
[2017-08-22 08:53:26] Текст ошибки: Страница не найдена | Файл: D:\WebServer\domains\ishop2.loc\vendor\ishop\core\Router.php | Строка: 39
=================
[2017-08-22 08:53:26] Текст ошибки: Страница не найдена | Файл: D:\WebServer\domains\ishop2.loc\vendor\ishop\core\Router.php | Строка: 39
=================
[2017-08-22 08:53:26] Текст ошибки: Страница не найдена | Файл: D:\WebServer\domains\ishop2.loc\vendor\ishop\core\Router.php | Строка: 39
=================
[2017-08-22 08:53:26] Текст ошибки: Страница не найдена | Файл: D:\WebServer\domains\ishop2.loc\vendor\ishop\core\Router.php | Строка: 39
=================
[2017-08-22 08:53:26] Текст ошибки: Страница не найдена | Файл: D:\WebServer\domains\ishop2.loc\vendor\ishop\core\Router.php | Строка: 39
=================
[2017-08-22 08:53:26] Текст ошибки: Страница не найдена | Файл: D:\WebServer\domains\ishop2.loc\vendor\ishop\core\Router.php | Строка: 39
=================
[2017-08-22 08:53:26] Текст ошибки: Страница не найдена | Файл: D:\WebServer\domains\ishop2.loc\vendor\ishop\core\Router.php | Строка: 39
=================
[2017-08-22 08:53:26] Текст ошибки: Страница не найдена | Файл: D:\WebServer\domains\ishop2.loc\vendor\ishop\core\Router.php | Строка: 39
=================
[2017-08-22 08:53:26] Текст ошибки: Страница не найдена | Файл: D:\WebServer\domains\ishop2.loc\vendor\ishop\core\Router.php | Строка: 39
=================
[2017-08-22 08:53:26] Текст ошибки: Страница не найдена | Файл: D:\WebServer\domains\ishop2.loc\vendor\ishop\core\Router.php | Строка: 39
=================
[2017-08-22 08:53:26] Текст ошибки: Страница не найдена | Файл: D:\WebServer\domains\ishop2.loc\vendor\ishop\core\Router.php | Строка: 39
=================
[2017-08-22 08:53:26] Текст ошибки: Страница не найдена | Файл: D:\WebServer\domains\ishop2.loc\vendor\ishop\core\Router.php | Строка: 39
=================
[2017-08-22 08:53:26] Текст ошибки: Страница не найдена | Файл: D:\WebServer\domains\ishop2.loc\vendor\ishop\core\Router.php | Строка: 39
=================
[2017-08-22 08:53:26] Текст ошибки: Страница не найдена | Файл: D:\WebServer\domains\ishop2.loc\vendor\ishop\core\Router.php | Строка: 39
=================
[2017-08-22 08:53:26] Текст ошибки: Страница не найдена | Файл: D:\WebServer\domains\ishop2.loc\vendor\ishop\core\Router.php | Строка: 39
=================
[2017-08-22 08:53:26] Текст ошибки: Страница не найдена | Файл: D:\WebServer\domains\ishop2.loc\vendor\ishop\core\Router.php | Строка: 39
=================
[2017-08-22 08:53:26] Текст ошибки: Страница не найдена | Файл: D:\WebServer\domains\ishop2.loc\vendor\ishop\core\Router.php | Строка: 39
=================
[2017-08-22 08:53:26] Текст ошибки: Страница не найдена | Файл: D:\WebServer\domains\ishop2.loc\vendor\ishop\core\Router.php | Строка: 39
=================
[2017-08-22 08:53:26] Текст ошибки: Страница не найдена | Файл: D:\WebServer\domains\ishop2.loc\vendor\ishop\core\Router.php | Строка: 39
=================
[2017-08-22 08:54:17] Текст ошибки: Страница не найдена | Файл: D:\WebServer\domains\ishop2.loc\vendor\ishop\core\Router.php | Строка: 39
=================
[2017-08-22 08:54:19] Текст ошибки: Страница не найдена | Файл: D:\WebServer\domains\ishop2.loc\vendor\ishop\core\Router.php | Строка: 39
=================
[2017-08-22 12:09:30] Текст ошибки: Страница не найдена | Файл: D:\WebServer\domains\ishop2.loc\vendor\ishop\core\Router.php | Строка: 39
=================
[2017-08-22 12:09:30] Текст ошибки: Страница не найдена | Файл: D:\WebServer\domains\ishop2.loc\vendor\ishop\core\Router.php | Строка: 39
=================
[2017-08-22 12:54:44] Текст ошибки: Страница не найдена | Файл: D:\WebServer\domains\ishop2.loc\vendor\ishop\core\Router.php | Строка: 39
=================
[2017-08-22 13:12:46] Текст ошибки: Контроллер app\controllers\CartController не найден | Файл: D:\WebServer\domains\ishop2.loc\vendor\ishop\core\Router.php | Строка: 36
=================
[2017-08-22 16:29:27] Текст ошибки: Страница не найдена | Файл: D:\WebServer\domains\ishop2.loc\vendor\ishop\core\Router.php | Строка: 39
=================
[2017-08-22 16:29:27] Текст ошибки: Страница не найдена | Файл: D:\WebServer\domains\ishop2.loc\vendor\ishop\core\Router.php | Строка: 39
=================
[2017-08-23 09:05:20] Текст ошибки: Страница не найдена | Файл: D:\WebServer\domains\ishop2.loc\vendor\ishop\core\Router.php | Строка: 39
=================
[2017-08-23 09:05:21] Текст ошибки: Страница не найдена | Файл: D:\WebServer\domains\ishop2.loc\vendor\ishop\core\Router.php | Строка: 39
=================
[2020-02-17 17:35:40] Текст ошибки: Нет соединения с БД | Файл: D:\OpenServer\OSPanel\domains\ishop2.loc\vendor\ishop\core\Db.php | Строка: 14
=================
[2020-02-17 17:35:41] Текст ошибки: Нет соединения с БД | Файл: D:\OpenServer\OSPanel\domains\ishop2.loc\vendor\ishop\core\Db.php | Строка: 14
=================
[2020-02-17 17:36:22] Текст ошибки: Нет соединения с БД | Файл: D:\OpenServer\OSPanel\domains\ishop2.loc\vendor\ishop\core\Db.php | Строка: 14
=================
[2020-02-17 17:36:44] Текст ошибки: Нет соединения с БД | Файл: D:\OpenServer\OSPanel\domains\ishop2.loc\vendor\ishop\core\Db.php | Строка: 16
=================
[2020-02-17 19:04:40] Текст ошибки: Нет соединения с БД | Файл: D:\OpenServer\OSPanel\domains\ishop2.loc\vendor\ishop\core\Db.php | Строка: 16
=================
[2020-02-17 19:04:40] Текст ошибки: Нет соединения с БД | Файл: D:\OpenServer\OSPanel\domains\ishop2.loc\vendor\ishop\core\Db.php | Строка: 16
=================
[2020-02-17 19:06:44] Текст ошибки: Нет соединения с БД | Файл: D:\OpenServer\OSPanel\domains\ishop2.loc\vendor\ishop\core\Db.php | Строка: 16
=================
[2020-02-17 19:07:47] Текст ошибки: Контроллер app\controllers\CategoryController не найден | Файл: D:\OpenServer\OSPanel\domains\ishop2.loc\vendor\ishop\core\Router.php | Строка: 36
=================
[2020-02-17 22:03:15] Текст ошибки: syntax error, unexpected ';', expecting ']' | Файл: D:\OpenServer\OSPanel\domains\ishop2.loc\app\views\layouts\watches.php | Строка: 74
=================
[2020-02-17 22:03:23] Текст ошибки: syntax error, unexpected ';', expecting ']' | Файл: D:\OpenServer\OSPanel\domains\ishop2.loc\app\views\layouts\watches.php | Строка: 75
=================
[2020-02-17 22:03:27] Текст ошибки: syntax error, unexpected ';', expecting ']' | Файл: D:\OpenServer\OSPanel\domains\ishop2.loc\app\views\layouts\watches.php | Строка: 75
=================
[2020-02-18 20:51:31] Текст ошибки: Страница не найдена | Файл: D:\OpenServer\OSPanel\domains\ishop2.loc\vendor\ishop\core\Router.php | Строка: 39
=================
[2020-02-18 21:27:19] Текст ошибки: Контроллер app\controllers\ProductController не найден | Файл: D:\OpenServer\OSPanel\domains\ishop2.loc\vendor\ishop\core\Router.php | Строка: 36
=================
[2020-02-19 20:44:15] Текст ошибки: Страница не найдена | Файл: D:\OpenServer\OSPanel\domains\ishop2.loc\vendor\ishop\core\Router.php | Строка: 39
=================
[2020-02-19 20:58:13] Текст ошибки: Страница не найдена | Файл: D:\OpenServer\OSPanel\domains\ishop2.loc\vendor\ishop\core\Router.php | Строка: 39
=================
[2020-02-19 20:58:13] Текст ошибки: Страница не найдена | Файл: D:\OpenServer\OSPanel\domains\ishop2.loc\vendor\ishop\core\Router.php | Строка: 39
=================
[2020-02-19 20:58:13] Текст ошибки: Страница не найдена | Файл: D:\OpenServer\OSPanel\domains\ishop2.loc\vendor\ishop\core\Router.php | Строка: 39
=================
[2020-02-19 20:58:13] Текст ошибки: Страница не найдена | Файл: D:\OpenServer\OSPanel\domains\ishop2.loc\vendor\ishop\core\Router.php | Строка: 39
=================
[2020-02-19 20:58:13] Текст ошибки: Страница не найдена | Файл: D:\OpenServer\OSPanel\domains\ishop2.loc\vendor\ishop\core\Router.php | Строка: 39
=================
[2020-02-19 20:58:13] Текст ошибки: Страница не найдена | Файл: D:\OpenServer\OSPanel\domains\ishop2.loc\vendor\ishop\core\Router.php | Строка: 39
=================
[2020-02-19 20:58:13] Текст ошибки: Страница не найдена | Файл: D:\OpenServer\OSPanel\domains\ishop2.loc\vendor\ishop\core\Router.php | Строка: 39
=================
[2020-02-19 20:58:13] Текст ошибки: Страница не найдена | Файл: D:\OpenServer\OSPanel\domains\ishop2.loc\vendor\ishop\core\Router.php | Строка: 39
=================
[2020-02-19 20:58:13] Текст ошибки: Страница не найдена | Файл: D:\OpenServer\OSPanel\domains\ishop2.loc\vendor\ishop\core\Router.php | Строка: 39
=================
[2020-02-19 20:58:13] Текст ошибки: Страница не найдена | Файл: D:\OpenServer\OSPanel\domains\ishop2.loc\vendor\ishop\core\Router.php | Строка: 39
=================
[2020-02-19 20:58:13] Текст ошибки: Страница не найдена | Файл: D:\OpenServer\OSPanel\domains\ishop2.loc\vendor\ishop\core\Router.php | Строка: 39
=================
[2020-02-19 20:58:13] Текст ошибки: Страница не найдена | Файл: D:\OpenServer\OSPanel\domains\ishop2.loc\vendor\ishop\core\Router.php | Строка: 39
=================
[2020-02-19 20:58:14] Текст ошибки: Страница не найдена | Файл: D:\OpenServer\OSPanel\domains\ishop2.loc\vendor\ishop\core\Router.php | Строка: 39
=================
[2020-02-19 20:58:14] Текст ошибки: Страница не найдена | Файл: D:\OpenServer\OSPanel\domains\ishop2.loc\vendor\ishop\core\Router.php | Строка: 39
=================
[2020-02-19 20:58:14] Текст ошибки: Страница не найдена | Файл: D:\OpenServer\OSPanel\domains\ishop2.loc\vendor\ishop\core\Router.php | Строка: 39
=================
[2020-02-19 20:58:14] Текст ошибки: Страница не найдена | Файл: D:\OpenServer\OSPanel\domains\ishop2.loc\vendor\ishop\core\Router.php | Строка: 39
=================
[2020-02-19 20:58:14] Текст ошибки: Страница не найдена | Файл: D:\OpenServer\OSPanel\domains\ishop2.loc\vendor\ishop\core\Router.php | Строка: 39
=================
[2020-02-19 20:58:14] Текст ошибки: Страница не найдена | Файл: D:\OpenServer\OSPanel\domains\ishop2.loc\vendor\ishop\core\Router.php | Строка: 39
=================
[2020-02-19 20:58:14] Текст ошибки: Страница не найдена | Файл: D:\OpenServer\OSPanel\domains\ishop2.loc\vendor\ishop\core\Router.php | Строка: 39
=================
[2020-02-19 20:58:14] Текст ошибки: Страница не найдена | Файл: D:\OpenServer\OSPanel\domains\ishop2.loc\vendor\ishop\core\Router.php | Строка: 39
=================
[2020-02-19 20:58:14] Текст ошибки: Страница не найдена | Файл: D:\OpenServer\OSPanel\domains\ishop2.loc\vendor\ishop\core\Router.php | Строка: 39
=================
[2020-02-19 20:58:14] Текст ошибки: Страница не найдена | Файл: D:\OpenServer\OSPanel\domains\ishop2.loc\vendor\ishop\core\Router.php | Строка: 39
=================
[2020-02-19 21:00:46] Текст ошибки: Expected array, string given. | Файл: D:\OpenServer\OSPanel\domains\ishop2.loc\vendor\gabordemooij\redbean\RedBeanPHP\Finder.php | Строка: 62
=================
[2020-02-19 21:00:57] Текст ошибки: Class 'app\controllers\R' not found | Файл: D:\OpenServer\OSPanel\domains\ishop2.loc\app\controllers\ProductController.php | Строка: 13
=================
[2020-02-19 21:02:25] Текст ошибки: Expected array, string given. | Файл: D:\OpenServer\OSPanel\domains\ishop2.loc\vendor\gabordemooij\redbean\RedBeanPHP\Finder.php | Строка: 62
=================
[2020-02-20 22:22:46] Текст ошибки: Страница не найдена | Файл: D:\OpenServer\OSPanel\domains\ishop2.loc\vendor\ishop\core\Router.php | Строка: 39
=================
[2020-02-21 19:10:38] Текст ошибки: Страница не найдена | Файл: D:\OpenServer\OSPanel\domains\ishop2.loc\vendor\ishop\core\Router.php | Строка: 39
=================
[2020-02-22 11:40:24] Текст ошибки: Страница не найдена | Файл: D:\OpenServer\OSPanel\domains\ishop2.loc\vendor\ishop\core\Router.php | Строка: 39
=================
[2020-02-22 17:46:45] Текст ошибки: Страница не найдена | Файл: D:\OpenServer\OSPanel\domains\ishop2.loc\vendor\ishop\core\Router.php | Строка: 39
=================
[2020-02-23 22:41:09] Текст ошибки: syntax error, unexpected '?>', expecting ']' | Файл: D:\OpenServer\OSPanel\domains\ishop2.loc\app\views\Product\view.php | Строка: 137
=================
[2020-02-24 00:23:53] Текст ошибки: SQLSTATE[42S02]: Base table or view not found: 1146 Table 'ishop.galery' doesn't exist | Файл: D:\OpenServer\OSPanel\domains\ishop2.loc\vendor\gabordemooij\redbean\RedBeanPHP\Driver\RPDO.php | Строка: 186
=================
[2020-02-24 19:51:10] Текст ошибки: Страница не найдена | Файл: D:\OpenServer\OSPanel\domains\ishop2.loc\vendor\ishop\core\Router.php | Строка: 39
=================
[2020-02-26 19:05:37] Текст ошибки: Страница не найдена | Файл: D:\OpenServer\OSPanel\domains\ishop2.loc\vendor\ishop\core\Router.php | Строка: 39
=================
[2020-02-26 20:51:37] Текст ошибки: syntax error, unexpected 'if' (T_IF) | Файл: D:\OpenServer\OSPanel\domains\ishop2.loc\app\models\Breadcrumbs.php | Строка: 25
=================
[2020-02-26 20:57:35] Текст ошибки: syntax error, unexpected '}' | Файл: D:\OpenServer\OSPanel\domains\ishop2.loc\app\models\Breadcrumbs.php | Строка: 22
=================
[2020-02-26 20:59:08] Текст ошибки: Контроллер app\controllers\CategoryController не найден | Файл: D:\OpenServer\OSPanel\domains\ishop2.loc\vendor\ishop\core\Router.php | Строка: 36
=================
[2020-02-27 23:35:26] Текст ошибки: Страница не найдена | Файл: D:\OpenServer\OSPanel\domains\ishop2.loc\vendor\ishop\core\Router.php | Строка: 39
=================
[2020-02-28 00:01:37] Текст ошибки: Страница не найдена | Файл: D:\OpenServer\OSPanel\domains\ishop2.loc\vendor\ishop\core\Router.php | Строка: 39
=================
[2020-02-28 00:01:52] Текст ошибки: Страница не найдена | Файл: D:\OpenServer\OSPanel\domains\ishop2.loc\vendor\ishop\core\Router.php | Строка: 39
=================
[2020-02-28 00:01:59] Текст ошибки: Страница не найдена | Файл: D:\OpenServer\OSPanel\domains\ishop2.loc\vendor\ishop\core\Router.php | Строка: 39
=================
[2020-02-28 00:05:54] Текст ошибки: Страница не найдена | Файл: D:\OpenServer\OSPanel\domains\ishop2.loc\vendor\ishop\core\Router.php | Строка: 39
=================
[2020-02-28 00:06:07] Текст ошибки: Страница не найдена | Файл: D:\OpenServer\OSPanel\domains\ishop2.loc\vendor\ishop\core\Router.php | Строка: 39
=================
[2020-02-28 00:08:19] Текст ошибки: Страница не найдена | Файл: D:\OpenServer\OSPanel\domains\ishop2.loc\vendor\ishop\core\Router.php | Строка: 39
=================
[2020-02-28 00:08:43] Текст ошибки: Страница не найдена | Файл: D:\OpenServer\OSPanel\domains\ishop2.loc\vendor\ishop\core\Router.php | Строка: 39
=================
[2020-02-28 00:08:57] Текст ошибки: Страница не найдена | Файл: D:\OpenServer\OSPanel\domains\ishop2.loc\vendor\ishop\core\Router.php | Строка: 39
=================
[2020-02-28 00:13:44] Текст ошибки: Страница не найдена | Файл: D:\OpenServer\OSPanel\domains\ishop2.loc\vendor\ishop\core\Router.php | Строка: 39
=================
[2020-02-28 00:18:22] Текст ошибки: Страница не найдена | Файл: D:\OpenServer\OSPanel\domains\ishop2.loc\vendor\ishop\core\Router.php | Строка: 39
=================
[2020-02-29 17:07:25] Текст ошибки: Контроллер app\controllers\CartController не найден | Файл: D:\OpenServer\OSPanel\domains\ishop2.loc\vendor\ishop\core\Router.php | Строка: 36
=================
[2020-02-29 17:07:36] Текст ошибки: Контроллер app\controllers\CartController не найден | Файл: D:\OpenServer\OSPanel\domains\ishop2.loc\vendor\ishop\core\Router.php | Строка: 36
=================
[2020-02-29 17:08:03] Текст ошибки: Контроллер app\controllers\CartController не найден | Файл: D:\OpenServer\OSPanel\domains\ishop2.loc\vendor\ishop\core\Router.php | Строка: 36
=================
[2020-02-29 17:08:59] Текст ошибки: Контроллер app\controllers\CartController не найден | Файл: D:\OpenServer\OSPanel\domains\ishop2.loc\vendor\ishop\core\Router.php | Строка: 36
=================
[2020-02-29 17:09:48] Текст ошибки: Контроллер app\controllers\CartController не найден | Файл: D:\OpenServer\OSPanel\domains\ishop2.loc\vendor\ishop\core\Router.php | Строка: 36
=================
[2020-02-29 17:10:10] Текст ошибки: Контроллер app\controllers\CartController не найден | Файл: D:\OpenServer\OSPanel\domains\ishop2.loc\vendor\ishop\core\Router.php | Строка: 36
=================
